::1 - - [14/Feb/2024:04:16:29 +0000] "POST /crypto/add-supported-asset HTTP/1.1" 500 350 "-" "PostmanRuntime/7.36.1"
::1 - - [14/Feb/2024:04:22:51 +0000] "POST /crypto/add-supported-asset HTTP/1.1" 400 61 "-" "PostmanRuntime/7.36.1"
::1 - - [14/Feb/2024:04:26:49 +0000] "POST /crypto/add-supported-asset HTTP/1.1" 400 61 "-" "PostmanRuntime/7.36.1"
::1 - - [14/Feb/2024:04:28:49 +0000] "POST /crypto/add-supported-asset HTTP/1.1" 500 131 "-" "PostmanRuntime/7.36.1"
::1 - - [14/Feb/2024:04:29:49 +0000] "POST /crypto/add-supported-asset HTTP/1.1" 404 54 "-" "PostmanRuntime/7.36.1"
::1 - - [14/Feb/2024:04:35:37 +0000] "GET /crypto/get-assets HTTP/1.1" 200 1256 "-" "PostmanRuntime/7.36.1"
::1 - - [14/Feb/2024:04:38:31 +0000] "GET /crypto/get-assets HTTP/1.1" 200 1256 "-" "PostmanRuntime/7.36.1"
::1 - - [14/Feb/2024:04:42:14 +0000] "GET /crypto/get-assets HTTP/1.1" 200 1256 "-" "PostmanRuntime/7.36.1"
::1 - - [14/Feb/2024:04:43:58 +0000] "POST /crypto/add-supported-asset HTTP/1.1" 404 54 "-" "PostmanRuntime/7.36.1"
::1 - - [14/Feb/2024:04:46:03 +0000] "POST /crypto/add-supported-asset HTTP/1.1" 404 54 "-" "PostmanRuntime/7.36.1"
::1 - - [14/Feb/2024:04:46:39 +0000] "POST /crypto/add-supported-asset HTTP/1.1" 400 61 "-" "PostmanRuntime/7.36.1"
::1 - - [14/Feb/2024:04:47:40 +0000] "POST /crypto/add-supported-asset HTTP/1.1" 400 61 "-" "PostmanRuntime/7.36.1"
::1 - - [14/Feb/2024:04:47:48 +0000] "POST /crypto/add-supported-asset HTTP/1.1" 400 61 "-" "PostmanRuntime/7.36.1"
::1 - - [14/Feb/2024:04:49:07 +0000] "POST /crypto/add-supported-asset HTTP/1.1" 400 61 "-" "PostmanRuntime/7.36.1"
::1 - - [14/Feb/2024:04:50:25 +0000] "POST /crypto/add-supported-asset HTTP/1.1" 400 61 "-" "PostmanRuntime/7.36.1"
::1 - - [14/Feb/2024:04:51:23 +0000] "POST /crypto/add-supported-asset HTTP/1.1" 500 132 "-" "PostmanRuntime/7.36.1"
::1 - - [14/Feb/2024:04:52:21 +0000] "POST /crypto/add-supported-asset HTTP/1.1" 500 150 "-" "PostmanRuntime/7.36.1"
::1 - - [14/Feb/2024:04:54:42 +0000] "POST /crypto/add-supported-asset HTTP/1.1" 500 350 "-" "PostmanRuntime/7.36.1"
::1 - - [14/Feb/2024:04:56:17 +0000] "POST /crypto/add-supported-asset HTTP/1.1" 500 396 "-" "PostmanRuntime/7.36.1"
::1 - - [14/Feb/2024:04:57:03 +0000] "POST /crypto/add-supported-asset HTTP/1.1" 500 396 "-" "PostmanRuntime/7.36.1"
::1 - - [14/Feb/2024:05:05:56 +0000] "POST /crypto/add-supported-asset HTTP/1.1" 500 396 "-" "PostmanRuntime/7.36.1"
::1 - - [14/Feb/2024:05:07:47 +0000] "POST /crypto/add-supported-asset HTTP/1.1" 500 396 "-" "PostmanRuntime/7.36.1"
::1 - - [14/Feb/2024:05:08:13 +0000] "POST /crypto/add-supported-asset HTTP/1.1" 500 182 "-" "PostmanRuntime/7.36.1"
::1 - - [14/Feb/2024:05:09:32 +0000] "POST /crypto/add-supported-asset HTTP/1.1" 200 625 "-" "PostmanRuntime/7.36.1"
::1 - - [14/Feb/2024:05:10:18 +0000] "GET /crypto/get-assets HTTP/1.1" 200 626 "-" "PostmanRuntime/7.36.1"
::1 - - [14/Feb/2024:05:15:30 +0000] "POST /crypto/add-supported-asset HTTP/1.1" 200 627 "-" "PostmanRuntime/7.36.1"
::1 - - [14/Feb/2024:05:24:07 +0000] "POST /crypto/add-supported-asset HTTP/1.1" 400 50 "-" "PostmanRuntime/7.36.1"
::1 - - [14/Feb/2024:05:26:46 +0000] "POST /crypto/add-supported-asset HTTP/1.1" 200 626 "-" "PostmanRuntime/7.36.1"
::1 - - [14/Feb/2024:05:31:04 +0000] "GET /crypto/get-assets HTTP/1.1" 200 1831 "-" "PostmanRuntime/7.36.1"
::1 - - [14/Feb/2024:11:05:58 +0000] "GET /giftcard/currencies HTTP/1.1" 200 21654 "-" "PostmanRuntime/7.36.1"
::1 - - [14/Feb/2024:11:43:14 +0000] "GET /giftcard/currencies HTTP/1.1" 200 92 "-" "PostmanRuntime/7.36.1"
::1 - - [14/Feb/2024:12:30:23 +0000] "GET /giftcard/currencies HTTP/1.1" 200 21654 "-" "PostmanRuntime/7.36.1"
::1 - - [14/Feb/2024:12:36:35 +0000] "GET /giftcard/currencies HTTP/1.1" 200 113 "-" "PostmanRuntime/7.36.1"
::1 - - [14/Feb/2024:12:37:50 +0000] "GET /giftcard/currencies HTTP/1.1" 200 21654 "-" "PostmanRuntime/7.36.1"
::1 - - [14/Feb/2024:12:41:35 +0000] "GET /giftcard/currencies HTTP/1.1" 200 580 "-" "PostmanRuntime/7.36.1"
::1 - - [14/Feb/2024:12:42:15 +0000] "GET /giftcard/currencies HTTP/1.1" 200 565 "-" "PostmanRuntime/7.36.1"
::1 - - [14/Feb/2024:12:45:46 +0000] "GET /giftcard/currencies HTTP/1.1" 200 565 "-" "PostmanRuntime/7.36.1"
::1 - - [16/Feb/2024:10:03:15 +0000] "POST /auth/login HTTP/1.1" 200 958 "-" "PostmanRuntime/7.33.0"
::1 - - [16/Feb/2024:10:05:49 +0000] "GET /crypto/add-sub-account/65aa56f666fc06de6ec5e18a HTTP/1.1" 401 32 "-" "PostmanRuntime/7.33.0"
::1 - - [16/Feb/2024:10:09:45 +0000] "GET /crypto/add-sub-account/65aa56f666fc06de6ec5e18a HTTP/1.1" 401 23 "-" "PostmanRuntime/7.33.0"
::1 - - [16/Feb/2024:10:10:03 +0000] "GET /crypto/add-sub-account/65aa56f666fc06de6ec5e18a HTTP/1.1" 200 435 "-" "PostmanRuntime/7.33.0"
::1 - - [16/Feb/2024:10:32:17 +0000] "GET /crypto/add-sub-account/65aa56f666fc06de6ec5e18a HTTP/1.1" 500 114 "-" "PostmanRuntime/7.33.0"
::1 - - [16/Feb/2024:10:38:20 +0000] "POST /auth/login HTTP/1.1" 200 960 "-" "PostmanRuntime/7.33.0"
::1 - - [16/Feb/2024:10:39:00 +0000] "GET /crypto/add-sub-account/65cf3abf6f51d7073cd2c95d HTTP/1.1" 500 387 "-" "PostmanRuntime/7.33.0"
::1 - - [16/Feb/2024:10:41:24 +0000] "GET /crypto/add-sub-account/65cf3abf6f51d7073cd2c95d HTTP/1.1" 500 114 "-" "PostmanRuntime/7.33.0"
::1 - - [16/Feb/2024:10:42:42 +0000] "GET /crypto/add-sub-account/65cf3abf6f51d7073cd2c95d HTTP/1.1" 500 114 "-" "PostmanRuntime/7.33.0"
::1 - - [16/Feb/2024:10:43:04 +0000] "GET /crypto/add-sub-account/65cf3abf6f51d7073cd2c95d HTTP/1.1" 500 387 "-" "PostmanRuntime/7.33.0"
::1 - - [16/Feb/2024:10:43:58 +0000] "GET /crypto/add-sub-account/65cf3abf6f51d7073cd2c95d HTTP/1.1" 500 114 "-" "PostmanRuntime/7.33.0"
::1 - - [16/Feb/2024:10:45:11 +0000] "GET /crypto/add-sub-account/65cf3abf6f51d7073cd2c95d HTTP/1.1" 500 114 "-" "PostmanRuntime/7.33.0"
::1 - - [16/Feb/2024:10:46:36 +0000] "GET /crypto/add-sub-account/65cf3abf6f51d7073cd2c95d HTTP/1.1" 500 114 "-" "PostmanRuntime/7.33.0"
::1 - - [16/Feb/2024:10:52:35 +0000] "POST /auth/login HTTP/1.1" 200 953 "-" "PostmanRuntime/7.33.0"
::1 - - [16/Feb/2024:10:55:44 +0000] "GET /crypto/add-sub-account/65cf3e1e6f51d7073cd2c967 HTTP/1.1" 200 432 "-" "PostmanRuntime/7.33.0"
::1 - - [16/Feb/2024:11:03:36 +0000] "POST /auth/login HTTP/1.1" 200 953 "-" "PostmanRuntime/7.33.0"
::1 - - [16/Feb/2024:11:03:55 +0000] "GET /crypto/add-sub-account/65cf40df6f51d7073cd2c971 HTTP/1.1" 200 121 "-" "PostmanRuntime/7.33.0"
::1 - - [16/Feb/2024:11:09:30 +0000] "GET /crypto/add-sub-account/65cf40df6f51d7073cd2c971 HTTP/1.1" 500 114 "-" "PostmanRuntime/7.33.0"
::1 - - [16/Feb/2024:11:09:49 +0000] "GET /crypto/add-sub-account/65cf40df6f51d7073cd2c971 HTTP/1.1" 500 114 "-" "PostmanRuntime/7.33.0"
::1 - - [16/Feb/2024:11:11:30 +0000] "GET /crypto/add-sub-account/65cf40df6f51d7073cd2c971 HTTP/1.1" 500 463 "-" "PostmanRuntime/7.33.0"
::1 - - [18/Feb/2024:06:18:36 +0000] "POST /auth/login HTTP/1.1" 200 953 "-" "PostmanRuntime/7.33.0"
::1 - - [18/Feb/2024:06:19:37 +0000] "GET /crypto/add-sub-account/65aa56f666fc06de6ec5e18a HTTP/1.1" 404 44 "-" "PostmanRuntime/7.33.0"
::1 - - [18/Feb/2024:06:20:07 +0000] "GET /crypto/add-sub-account/65d1a10e5ae8209843066f95 HTTP/1.1" 500 463 "-" "PostmanRuntime/7.33.0"
::1 - - [18/Feb/2024:06:24:03 +0000] "POST /auth/login HTTP/1.1" 200 953 "-" "PostmanRuntime/7.33.0"
::1 - - [18/Feb/2024:06:25:11 +0000] "GET /crypto/add-sub-account/65d1a2655ae8209843066f9f HTTP/1.1" 201 445 "-" "PostmanRuntime/7.33.0"
::1 - - [18/Feb/2024:06:31:11 +0000] "GET /crypto/add-sub-account/65d1a2655ae8209843066f9f HTTP/1.1" 400 56 "-" "PostmanRuntime/7.33.0"
::1 - - [18/Feb/2024:06:33:00 +0000] "POST /auth/login HTTP/1.1" 200 960 "-" "PostmanRuntime/7.33.0"
::1 - - [18/Feb/2024:06:36:17 +0000] "GET /crypto/add-sub-account/65d1a4545ae8209843066fa9 HTTP/1.1" 500 113 "-" "PostmanRuntime/7.33.0"
::1 - - [18/Feb/2024:06:37:41 +0000] "GET /crypto/add-sub-account/65d1a4545ae8209843066fa9 HTTP/1.1" - - "-" "PostmanRuntime/7.33.0"
::1 - - [18/Feb/2024:06:38:14 +0000] "GET /crypto/add-sub-account/65d1a2655ae8209843066f9f HTTP/1.1" 400 56 "-" "PostmanRuntime/7.33.0"
::1 - - [18/Feb/2024:06:39:53 +0000] "GET /crypto/add-sub-account/65d1a4545ae8209843066fa9 HTTP/1.1" - - "-" "PostmanRuntime/7.33.0"
::1 - - [18/Feb/2024:06:41:26 +0000] "GET /crypto/add-sub-account/65d1a4545ae8209843066fa9 HTTP/1.1" - - "-" "PostmanRuntime/7.33.0"
::1 - - [18/Feb/2024:06:41:55 +0000] "GET /crypto/add-sub-account/65d1a4545ae8209843066fa9 HTTP/1.1" 201 445 "-" "PostmanRuntime/7.33.0"
::1 - - [18/Feb/2024:06:42:59 +0000] "GET /crypto/add-sub-account/65d1a4545ae8209843066fa9 HTTP/1.1" 400 56 "-" "PostmanRuntime/7.33.0"
::1 - - [18/Feb/2024:06:44:21 +0000] "GET /crypto/add-sub-account/65d1a4545ae8209843066fa9 HTTP/1.1" 401 29 "-" "PostmanRuntime/7.33.0"
::1 - - [18/Feb/2024:06:44:33 +0000] "POST /auth/login HTTP/1.1" 200 951 "-" "PostmanRuntime/7.33.0"
::1 - - [18/Feb/2024:06:45:04 +0000] "GET /crypto/add-sub-account/65d1a4545ae8209843066fa9 HTTP/1.1" 400 56 "-" "PostmanRuntime/7.33.0"
::1 - - [18/Feb/2024:06:45:52 +0000] "GET /crypto/add-sub-account/641866fdb3f30263539fbe01 HTTP/1.1" 201 448 "-" "PostmanRuntime/7.33.0"
::1 - - [18/Feb/2024:06:45:57 +0000] "GET /crypto/add-sub-account/641866fdb3f30263539fbe01 HTTP/1.1" 400 56 "-" "PostmanRuntime/7.33.0"
